#
# There is insufficient memory for the Java Runtime Environment to continue.
# Native memory allocation (mmap) failed to map 65536 bytes for Failed to commit metaspace.
# Possible reasons:
#   The system is out of physical RAM or swap space
#   The process is running with CompressedOops enabled, and the Java Heap may be blocking the growth of the native heap
# Possible solutions:
#   Reduce memory load on the system
#   Increase physical memory or swap space
#   Check if swap backing store is full
#   Decrease Java heap size (-Xmx/-Xms)
#   Decrease number of Java threads
#   Decrease Java thread stack sizes (-Xss)
#   Set larger code cache with -XX:ReservedCodeCacheSize=
#   JVM is running with Unscaled Compressed Oops mode in which the Java heap is
#     placed in the first 4GB address space. The Java Heap base address is the
#     maximum limit for the native heap growth. Please use -XX:HeapBaseMinAddress
#     to set the Java Heap base and to place the Java Heap above 4GB virtual address.
# This output file may be truncated or incomplete.
#
#  Out of Memory Error (virtualSpaceNode.cpp:110), pid=26312, tid=3432
#
# JRE version: Java(TM) SE Runtime Environment (17.0.12+8) (build 17.0.12+8-LTS-286)
# Java VM: Java HotSpot(TM) 64-Bit Server VM (17.0.12+8-LTS-286, mixed mode, emulated-client, sharing, tiered, compressed oops, compressed class ptrs, g1 gc, windows-amd64)
# No core dump will be written. Minidumps are not enabled by default on client versions of Windows
#

---------------  S U M M A R Y ------------

Command Line: -Dio.quarkus.force-color-support=true -Dquarkus-internal.serialized-app-model.path=C:\Users\dennwu\Weather-Advice\target\quarkus\bootstrap\dev-app-model.dat -javaagent:C:\Users\dennwu\.m2\repository\io\quarkus\quarkus-class-change-agent\2.11.1.Final\quarkus-class-change-agent-2.11.1.Final.jar -XX:TieredStopAtLevel=1 -agentlib:jdwp=transport=dt_socket,address=localhost:5005,server=y,suspend=n -Djava.util.logging.manager=org.jboss.logmanager.LogManager C:\Users\dennwu\Weather-Advice\target\ntc-weather-advice-dev.jar

Host: Intel(R) Core(TM) i5-10310U CPU @ 1.70GHz, 8 cores, 7G,  Windows 11 , 64 bit Build 22621 (10.0.22621.4391)
Time: Mon Dec 30 11:00:26 2024  Windows 11 , 64 bit Build 22621 (10.0.22621.4391) elapsed time: 9.423270 seconds (0d 0h 0m 9s)

---------------  T H R E A D  ---------------

Current thread (0x0000025968348600):  JavaThread "vert.x-eventloop-thread-1" [_thread_in_vm, id=3432, stack(0x00000081d6200000,0x00000081d6300000)]

Stack: [0x00000081d6200000,0x00000081d6300000]
Native frames: (J=compiled Java code, j=interpreted, Vv=VM code, C=native code)
V  [jvm.dll+0x67a04a]
V  [jvm.dll+0x7da4ed]
V  [jvm.dll+0x7dbe33]
V  [jvm.dll+0x7dc4a3]
V  [jvm.dll+0x24508f]
V  [jvm.dll+0x7d60bb]
V  [jvm.dll+0x6206c6]
V  [jvm.dll+0x1bed07]
V  [jvm.dll+0x623022]
V  [jvm.dll+0x621086]
V  [jvm.dll+0x369732]
V  [jvm.dll+0x1e048b]
V  [jvm.dll+0x53f7b5]
V  [jvm.dll+0x7553b8]
V  [jvm.dll+0x7554a4]
V  [jvm.dll+0x40d1af]
V  [jvm.dll+0x413c39]
C  [java.dll+0x17ec]

Java frames: (J=compiled Java code, j=interpreted, Vv=VM code)
J 1748  java.lang.ClassLoader.defineClass1(Ljava/lang/ClassLoader;Ljava/lang/String;[BIILjava/security/ProtectionDomain;Ljava/lang/String;)Ljava/lang/Class; java.base@17.0.12 (0 bytes) @ 0x00000259168bc9e3 [0x00000259168bc920+0x00000000000000c3]
J 1766 c1 java.lang.ClassLoader.defineClass(Ljava/lang/String;[BIILjava/security/ProtectionDomain;)Ljava/lang/Class; java.base@17.0.12 (43 bytes) @ 0x00000259168c4a14 [0x00000259168c48e0+0x0000000000000134]
J 2701 c1 io.quarkus.bootstrap.classloading.QuarkusClassLoader.loadClass(Ljava/lang/String;Z)Ljava/lang/Class; (404 bytes) @ 0x0000025916a81814 [0x0000025916a80c00+0x0000000000000c14]
J 1776 c1 io.quarkus.bootstrap.classloading.QuarkusClassLoader.loadClass(Ljava/lang/String;)Ljava/lang/Class; (50 bytes) @ 0x00000259168cab34 [0x00000259168ca9e0+0x0000000000000154]
v  ~StubRoutines::call_stub
j  io.vertx.core.net.impl.TCPServerBase.listen(Lio/vertx/core/net/SocketAddress;Lio/vertx/core/impl/ContextInternal;)Lio/netty/util/concurrent/Future;+413
j  io.vertx.core.net.impl.TCPServerBase.bind(Lio/vertx/core/net/SocketAddress;)Lio/vertx/core/Future;+13
j  io.vertx.core.http.impl.HttpServerImpl.listen(Lio/vertx/core/net/SocketAddress;)Lio/vertx/core/Future;+32
j  io.vertx.core.http.impl.HttpServerImpl.listen(ILjava/lang/String;)Lio/vertx/core/Future;+10
j  io.vertx.core.http.impl.HttpServerImpl.listen(ILjava/lang/String;Lio/vertx/core/Handler;)Lio/vertx/core/http/HttpServer;+3
j  io.quarkus.vertx.http.runtime.VertxHttpRecorder$WebDeploymentVerticle.setupTcpHttpServer(Lio/vertx/core/http/HttpServer;Lio/vertx/core/http/HttpServerOptions;ZLio/vertx/core/Promise;Ljava/util/concurrent/atomic/AtomicInteger;Ljava/util/concurrent/atomic/AtomicInteger;)V+89
j  io.quarkus.vertx.http.runtime.VertxHttpRecorder$WebDeploymentVerticle.start(Lio/vertx/core/Promise;)V+168
j  io.vertx.core.impl.DeploymentManager.lambda$doDeploy$5(Lio/vertx/core/Verticle;Lio/vertx/core/impl/ContextBase;Lio/vertx/core/impl/Deployment;Lio/vertx/core/impl/DeploymentManager$DeploymentImpl;Lio/vertx/core/Promise;Ljava/lang/String;Ljava/util/concurrent/atomic/AtomicInteger;[Lio/vertx/core/Verticle;Ljava/util/concurrent/atomic/AtomicBoolean;Lio/vertx/core/impl/ContextInternal;Lio/vertx/core/impl/DeploymentManager$VerticleHolder;Ljava/lang/Void;)V+29
j  io.vertx.core.impl.DeploymentManager$$Lambda$1225+0x00000259227313b8.handle(Ljava/lang/Object;)V+52
j  io.vertx.core.impl.ContextInternal.dispatch(Ljava/lang/Object;Lio/vertx/core/Handler;)V+9
j  io.vertx.core.impl.ContextInternal.dispatch(Lio/vertx/core/Handler;)V+3
j  io.vertx.core.impl.EventLoopContext.lambda$runOnContext$0(Lio/vertx/core/impl/ContextInternal;Lio/vertx/core/Handler;)V+2
j  io.vertx.core.impl.EventLoopContext$$Lambda$1226+0x00000259227315d8.run()V+8
j  io.netty.util.concurrent.AbstractEventExecutor.runTask(Ljava/lang/Runnable;)V+1
j  io.netty.util.concurrent.AbstractEventExecutor.safeExecute(Ljava/lang/Runnable;)V+1
j  io.netty.util.concurrent.SingleThreadEventExecutor.runAllTasks(J)Z+42
j  io.netty.channel.nio.NioEventLoop.run()V+329
j  io.netty.util.concurrent.SingleThreadEventExecutor$4.run()V+44
j  io.netty.util.internal.ThreadExecutorMap$2.run()V+11
j  io.netty.util.concurrent.FastThreadLocalRunnable.run()V+4
j  java.lang.Thread.run()V+11 java.base@17.0.12
v  ~StubRoutines::call_stub

---------------  P R O C E S S  ---------------

Threads class SMR info:
_java_thread_list=0x000002596807f390, length=22, elements={
0x000002590eb48b30, 0x00000259209b0040, 0x00000259209b0ec0, 0x00000259209d6450,
0x00000259209c8e00, 0x00000259209c97c0, 0x00000259209ca180, 0x00000259209dafd0,
0x00000259209e39e0, 0x0000025920b30860, 0x0000025920b352f0, 0x000002596616edc0,
0x0000025966172c80, 0x0000025966177900, 0x00000259667fc420, 0x00000259667fd830,
0x000002596740b920, 0x0000025968343500, 0x0000025968346290, 0x0000025968346cb0,
0x0000025968344940, 0x0000025968348600
}

Java Threads: ( => current thread )
  0x000002590eb48b30 JavaThread "main" [_thread_blocked, id=23692, stack(0x00000081d3f00000,0x00000081d4000000)]
  0x00000259209b0040 JavaThread "Reference Handler" daemon [_thread_blocked, id=17440, stack(0x00000081d4600000,0x00000081d4700000)]
  0x00000259209b0ec0 JavaThread "Finalizer" daemon [_thread_blocked, id=27988, stack(0x00000081d4700000,0x00000081d4800000)]
  0x00000259209d6450 JavaThread "Signal Dispatcher" daemon [_thread_blocked, id=28584, stack(0x00000081d4800000,0x00000081d4900000)]
  0x00000259209c8e00 JavaThread "Attach Listener" daemon [_thread_blocked, id=15292, stack(0x00000081d4900000,0x00000081d4a00000)]
  0x00000259209c97c0 JavaThread "Service Thread" daemon [_thread_blocked, id=9812, stack(0x00000081d4a00000,0x00000081d4b00000)]
  0x00000259209ca180 JavaThread "Monitor Deflation Thread" daemon [_thread_blocked, id=28608, stack(0x00000081d4b00000,0x00000081d4c00000)]
  0x00000259209dafd0 JavaThread "C1 CompilerThread0" daemon [_thread_blocked, id=3556, stack(0x00000081d4c00000,0x00000081d4d00000)]
  0x00000259209e39e0 JavaThread "Sweeper thread" daemon [_thread_blocked, id=16108, stack(0x00000081d4d00000,0x00000081d4e00000)]
  0x0000025920b30860 JavaThread "Common-Cleaner" daemon [_thread_blocked, id=26808, stack(0x00000081d4e00000,0x00000081d4f00000)]
  0x0000025920b352f0 JavaThread "C1 CompilerThread1" daemon [_thread_blocked, id=10892, stack(0x00000081d4f00000,0x00000081d5000000)]
  0x000002596616edc0 JavaThread "JDWP Transport Listener: dt_socket" daemon [_thread_in_native, id=19904, stack(0x00000081d5000000,0x00000081d5100000)]
  0x0000025966172c80 JavaThread "JDWP Event Helper Thread" daemon [_thread_blocked, id=29504, stack(0x00000081d5100000,0x00000081d5200000)]
  0x0000025966177900 JavaThread "Notification Thread" daemon [_thread_blocked, id=17688, stack(0x00000081d5200000,0x00000081d5300000)]
  0x00000259667fc420 JavaThread "C1 CompilerThread2" daemon [_thread_blocked, id=10904, stack(0x00000081d5c00000,0x00000081d5d00000)]
  0x00000259667fd830 JavaThread "Quarkus Devmode keep alive thread" [_thread_blocked, id=6404, stack(0x00000081d5d00000,0x00000081d5e00000)]
  0x000002596740b920 JavaThread "ForkJoinPool.commonPool-worker-1" daemon [_thread_blocked, id=21204, stack(0x00000081d5e00000,0x00000081d5f00000)]
  0x0000025968343500 JavaThread "WindowsStreamPump" daemon [_thread_in_native, id=22972, stack(0x00000081da100000,0x00000081da200000)]
  0x0000025968346290 JavaThread "Aesh InputStream Reader" daemon [_thread_blocked, id=28104, stack(0x00000081da200000,0x00000081da300000)]
  0x0000025968346cb0 JavaThread "vertx-blocked-thread-checker" daemon [_thread_blocked, id=26156, stack(0x00000081d6000000,0x00000081d6100000)]
  0x0000025968344940 JavaThread "vert.x-eventloop-thread-0" [_thread_blocked, id=29288, stack(0x00000081d6100000,0x00000081d6200000)]
=>0x0000025968348600 JavaThread "vert.x-eventloop-thread-1" [_thread_in_vm, id=3432, stack(0x00000081d6200000,0x00000081d6300000)]

Other Threads:
  0x00000259209ab430 VMThread "VM Thread" [stack: 0x00000081d4500000,0x00000081d4600000] [id=30312]
  0x000002590ebbb970 WatcherThread [stack: 0x00000081d5300000,0x00000081d5400000] [id=1464]
  0x000002590eba3f20 GCTaskThread "GC Thread#0" [stack: 0x00000081d4000000,0x00000081d4100000] [id=18604]
  0x0000025966462350 GCTaskThread "GC Thread#1" [stack: 0x00000081d5400000,0x00000081d5500000] [id=25680]
  0x0000025966462610 GCTaskThread "GC Thread#2" [stack: 0x00000081d5500000,0x00000081d5600000] [id=22772]
  0x000002596647b7b0 GCTaskThread "GC Thread#3" [stack: 0x00000081d5600000,0x00000081d5700000] [id=23988]
  0x000002596647ba70 GCTaskThread "GC Thread#4" [stack: 0x00000081d5700000,0x00000081d5800000] [id=26304]
  0x000002596647cd40 GCTaskThread "GC Thread#5" [stack: 0x00000081d5800000,0x00000081d5900000] [id=27864]
  0x00000259666cb0a0 GCTaskThread "GC Thread#6" [stack: 0x00000081d5900000,0x00000081d5a00000] [id=13376]
  0x000002596770fae0 GCTaskThread "GC Thread#7" [stack: 0x00000081d5f00000,0x00000081d6000000] [id=30504]
  0x000002590ebb4770 ConcurrentGCThread "G1 Main Marker" [stack: 0x00000081d4100000,0x00000081d4200000] [id=32672]
  0x000002590ebb5180 ConcurrentGCThread "G1 Conc#0" [stack: 0x00000081d4200000,0x00000081d4300000] [id=32104]
  0x00000259678e6850 ConcurrentGCThread "G1 Conc#1" [stack: 0x00000081da300000,0x00000081da400000] [id=18108]
  0x000002590ebfcbd0 ConcurrentGCThread "G1 Refine#0" [stack: 0x00000081d4300000,0x00000081d4400000] [id=10292]
  0x0000025966372cc0 ConcurrentGCThread "G1 Refine#1" [stack: 0x00000081d5a00000,0x00000081d5b00000] [id=30612]
  0x0000025966371b20 ConcurrentGCThread "G1 Refine#2" [stack: 0x00000081d5b00000,0x00000081d5c00000] [id=2820]
  0x000002590ebfd600 ConcurrentGCThread "G1 Service" [stack: 0x00000081d4400000,0x00000081d4500000] [id=28792]

Threads with active compile tasks:

VM state: not at safepoint (normal execution)

VM Mutex/Monitor currently owned by a thread:  ([mutex/lock_event])
[0x000002590eb37de0] Metaspace_lock - owner thread: 0x0000025968348600

OutOfMemory and StackOverflow Exception counts:
OutOfMemoryError java_heap_errors=1
LinkageErrors=71

Heap address: 0x0000000083800000, size: 1992 MB, Compressed Oops mode: 32-bit

CDS archive(s) mapped at: [0x0000025921000000-0x0000025921bd0000-0x0000025921bd0000), size 12386304, SharedBaseAddress: 0x0000025921000000, ArchiveRelocationMode: 1.
Compressed class space mapped at: 0x0000025922000000-0x0000025962000000, reserved size: 1073741824
Narrow klass base: 0x0000025921000000, Narrow klass shift: 0, Narrow klass range: 0x100000000

GC Precious Log:
 CPUs: 8 total, 8 available
 Memory: 7965M
 Large Page Support: Disabled
 NUMA Support: Disabled
 Compressed Oops: Enabled (32-bit)
 Heap Region Size: 1M
 Heap Min Capacity: 8M
 Heap Initial Capacity: 126M
 Heap Max Capacity: 1992M
 Pre-touch: Disabled
 Parallel Workers: 8
 Concurrent Workers: 2
 Concurrent Refinement Workers: 8
 Periodic GC: Disabled

Heap:
 garbage-first heap   total 150528K, used 88317K [0x0000000083800000, 0x0000000100000000)
  region size 1024K, 30 young (30720K), 1 survivors (1024K)
 Metaspace       used 51215K, committed 51648K, reserved 1114112K
  class space    used 7233K, committed 7424K, reserved 1048576K

Heap Regions: E=young(eden), S=young(survivor), O=old, HS=humongous(starts), HC=humongous(continues), CS=collection set, F=free, OA=open archive, CA=closed archive, TAMS=top-at-mark-start (previous, next)
|   0|0x0000000083800000, 0x0000000083900000, 0x0000000083900000|100%| O|  |TAMS 0x0000000083900000, 0x0000000083800000| Untracked 
|   1|0x0000000083900000, 0x0000000083a00000, 0x0000000083a00000|100%| O|  |TAMS 0x0000000083a00000, 0x0000000083900000| Untracked 
|   2|0x0000000083a00000, 0x0000000083b00000, 0x0000000083b00000|100%| O|  |TAMS 0x0000000083b00000, 0x0000000083a00000| Untracked 
|   3|0x0000000083b00000, 0x0000000083c00000, 0x0000000083c00000|100%| O|  |TAMS 0x0000000083c00000, 0x0000000083b00000| Untracked 
|   4|0x0000000083c00000, 0x0000000083d00000, 0x0000000083d00000|100%| O|  |TAMS 0x0000000083d00000, 0x0000000083c00000| Untracked 
|   5|0x0000000083d00000, 0x0000000083e00000, 0x0000000083e00000|100%| O|  |TAMS 0x0000000083e00000, 0x0000000083d00000| Untracked 
|   6|0x0000000083e00000, 0x0000000083f00000, 0x0000000083f00000|100%| O|  |TAMS 0x0000000083f00000, 0x0000000083e00000| Untracked 
|   7|0x0000000083f00000, 0x0000000084000000, 0x0000000084000000|100%| O|  |TAMS 0x0000000084000000, 0x0000000083f00000| Untracked 
|   8|0x0000000084000000, 0x0000000084100000, 0x0000000084100000|100%| O|  |TAMS 0x0000000084100000, 0x0000000084000000| Untracked 
|   9|0x0000000084100000, 0x0000000084200000, 0x0000000084200000|100%| O|  |TAMS 0x0000000084200000, 0x0000000084100000| Untracked 
|  10|0x0000000084200000, 0x0000000084300000, 0x0000000084300000|100%| O|  |TAMS 0x0000000084300000, 0x0000000084200000| Untracked 
|  11|0x0000000084300000, 0x0000000084400000, 0x0000000084400000|100%| O|  |TAMS 0x0000000084400000, 0x0000000084300000| Untracked 
|  12|0x0000000084400000, 0x0000000084500000, 0x0000000084500000|100%| O|  |TAMS 0x0000000084500000, 0x0000000084400000| Untracked 
|  13|0x0000000084500000, 0x0000000084600000, 0x0000000084600000|100%| O|  |TAMS 0x0000000084600000, 0x0000000084500000| Untracked 
|  14|0x0000000084600000, 0x0000000084700000, 0x0000000084700000|100%| O|  |TAMS 0x0000000084700000, 0x0000000084600000| Untracked 
|  15|0x0000000084700000, 0x0000000084700000, 0x0000000084800000|  0%| F|  |TAMS 0x0000000084700000, 0x0000000084700000| Untracked 
|  16|0x0000000084800000, 0x0000000084900000, 0x0000000084900000|100%| O|  |TAMS 0x0000000084900000, 0x0000000084800000| Untracked 
|  17|0x0000000084900000, 0x0000000084a00000, 0x0000000084a00000|100%| O|  |TAMS 0x0000000084a00000, 0x0000000084900000| Untracked 
|  18|0x0000000084a00000, 0x0000000084b00000, 0x0000000084b00000|100%| O|  |TAMS 0x0000000084b00000, 0x0000000084a00000| Untracked 
|  19|0x0000000084b00000, 0x0000000084c00000, 0x0000000084c00000|100%| O|  |TAMS 0x0000000084b00000, 0x0000000084b00000| Untracked 
|  20|0x0000000084c00000, 0x0000000084d00000, 0x0000000084d00000|100%| O|  |TAMS 0x0000000084d00000, 0x0000000084c00000| Untracked 
|  21|0x0000000084d00000, 0x0000000084e00000, 0x0000000084e00000|100%| O|  |TAMS 0x0000000084e00000, 0x0000000084d00000| Untracked 
|  22|0x0000000084e00000, 0x0000000084f00000, 0x0000000084f00000|100%| O|  |TAMS 0x0000000084f00000, 0x0000000084e00000| Untracked 
|  23|0x0000000084f00000, 0x0000000085000000, 0x0000000085000000|100%| O|  |TAMS 0x0000000085000000, 0x0000000084f00000| Untracked 
|  24|0x0000000085000000, 0x0000000085100000, 0x0000000085100000|100%| O|  |TAMS 0x0000000085100000, 0x0000000085000000| Untracked 
|  25|0x0000000085100000, 0x0000000085200000, 0x0000000085200000|100%| O|  |TAMS 0x0000000085200000, 0x0000000085100000| Untracked 
|  26|0x0000000085200000, 0x0000000085300000, 0x0000000085300000|100%| O|  |TAMS 0x0000000085300000, 0x0000000085200000| Untracked 
|  27|0x0000000085300000, 0x0000000085400000, 0x0000000085400000|100%| O|  |TAMS 0x0000000085400000, 0x0000000085300000| Untracked 
|  28|0x0000000085400000, 0x0000000085500000, 0x0000000085500000|100%| O|  |TAMS 0x0000000085500000, 0x0000000085400000| Untracked 
|  29|0x0000000085500000, 0x0000000085600000, 0x0000000085600000|100%| O|  |TAMS 0x0000000085600000, 0x0000000085500000| Untracked 
|  30|0x0000000085600000, 0x0000000085700000, 0x0000000085700000|100%| O|  |TAMS 0x0000000085700000, 0x0000000085600000| Untracked 
|  31|0x0000000085700000, 0x0000000085800000, 0x0000000085800000|100%| O|  |TAMS 0x0000000085800000, 0x0000000085700000| Untracked 
|  32|0x0000000085800000, 0x0000000085900000, 0x0000000085900000|100%| O|  |TAMS 0x0000000085900000, 0x0000000085800000| Untracked 
|  33|0x0000000085900000, 0x0000000085a00000, 0x0000000085a00000|100%| O|  |TAMS 0x0000000085a00000, 0x0000000085900000| Untracked 
|  34|0x0000000085a00000, 0x0000000085b00000, 0x0000000085b00000|100%| O|  |TAMS 0x0000000085b00000, 0x0000000085a00000| Untracked 
|  35|0x0000000085b00000, 0x0000000085c00000, 0x0000000085c00000|100%| O|  |TAMS 0x0000000085c00000, 0x0000000085b00000| Untracked 
|  36|0x0000000085c00000, 0x0000000085d00000, 0x0000000085d00000|100%| O|  |TAMS 0x0000000085d00000, 0x0000000085c00000| Untracked 
|  37|0x0000000085d00000, 0x0000000085e00000, 0x0000000085e00000|100%| O|  |TAMS 0x0000000085e00000, 0x0000000085d00000| Untracked 
|  38|0x0000000085e00000, 0x0000000085f00000, 0x0000000085f00000|100%| O|  |TAMS 0x0000000085f00000, 0x0000000085e00000| Untracked 
|  39|0x0000000085f00000, 0x0000000086000000, 0x0000000086000000|100%| O|  |TAMS 0x0000000086000000, 0x0000000085f00000| Untracked 
|  40|0x0000000086000000, 0x0000000086100000, 0x0000000086100000|100%| O|  |TAMS 0x0000000086100000, 0x0000000086000000| Untracked 
|  41|0x0000000086100000, 0x00000000861b7a00, 0x0000000086200000| 71%| O|  |TAMS 0x00000000861b7a00, 0x0000000086100000| Untracked 
|  42|0x0000000086200000, 0x0000000086300000, 0x0000000086300000|100%| O|  |TAMS 0x0000000086300000, 0x0000000086200000| Untracked 
|  43|0x0000000086300000, 0x0000000086400000, 0x0000000086400000|100%| O|  |TAMS 0x0000000086400000, 0x0000000086300000| Untracked 
|  44|0x0000000086400000, 0x0000000086500000, 0x0000000086500000|100%| O|  |TAMS 0x0000000086500000, 0x0000000086400000| Untracked 
|  45|0x0000000086500000, 0x0000000086600000, 0x0000000086600000|100%| O|  |TAMS 0x0000000086600000, 0x0000000086500000| Untracked 
|  46|0x0000000086600000, 0x0000000086700000, 0x0000000086700000|100%| O|  |TAMS 0x0000000086700000, 0x0000000086600000| Untracked 
|  47|0x0000000086700000, 0x0000000086800000, 0x0000000086800000|100%| O|  |TAMS 0x0000000086800000, 0x0000000086700000| Untracked 
|  48|0x0000000086800000, 0x0000000086900000, 0x0000000086900000|100%| O|  |TAMS 0x0000000086900000, 0x0000000086800000| Untracked 
|  49|0x0000000086900000, 0x0000000086a00000, 0x0000000086a00000|100%| O|  |TAMS 0x000000008694e400, 0x0000000086900000| Untracked 
|  50|0x0000000086a00000, 0x0000000086b00000, 0x0000000086b00000|100%| O|  |TAMS 0x0000000086a00000, 0x0000000086a00000| Untracked 
|  51|0x0000000086b00000, 0x0000000086c00000, 0x0000000086c00000|100%| O|  |TAMS 0x0000000086b00000, 0x0000000086b00000| Untracked 
|  52|0x0000000086c00000, 0x0000000086d00000, 0x0000000086d00000|100%| O|  |TAMS 0x0000000086c00000, 0x0000000086c00000| Untracked 
|  53|0x0000000086d00000, 0x0000000086e00000, 0x0000000086e00000|100%| O|  |TAMS 0x0000000086d00000, 0x0000000086d00000| Untracked 
|  54|0x0000000086e00000, 0x0000000086f00000, 0x0000000086f00000|100%| O|  |TAMS 0x0000000086e00000, 0x0000000086e00000| Untracked 
|  55|0x0000000086f00000, 0x0000000087000000, 0x0000000087000000|100%| O|  |TAMS 0x0000000086f00000, 0x0000000086f00000| Untracked 
|  56|0x0000000087000000, 0x0000000087100000, 0x0000000087100000|100%| O|  |TAMS 0x0000000087000000, 0x0000000087000000| Untracked 
|  57|0x0000000087100000, 0x0000000087200000, 0x0000000087200000|100%| O|  |TAMS 0x0000000087100000, 0x0000000087100000| Untracked 
|  58|0x0000000087200000, 0x0000000087297a00, 0x0000000087300000| 59%| O|  |TAMS 0x0000000087200000, 0x0000000087200000| Untracked 
|  59|0x0000000087300000, 0x0000000087300000, 0x0000000087400000|  0%| F|  |TAMS 0x0000000087300000, 0x0000000087300000| Untracked 
|  60|0x0000000087400000, 0x0000000087400000, 0x0000000087500000|  0%| F|  |TAMS 0x0000000087400000, 0x0000000087400000| Untracked 
|  61|0x0000000087500000, 0x0000000087500000, 0x0000000087600000|  0%| F|  |TAMS 0x0000000087500000, 0x0000000087500000| Untracked 
|  62|0x0000000087600000, 0x0000000087600000, 0x0000000087700000|  0%| F|  |TAMS 0x0000000087600000, 0x0000000087600000| Untracked 
|  63|0x0000000087700000, 0x0000000087700000, 0x0000000087800000|  0%| F|  |TAMS 0x0000000087700000, 0x0000000087700000| Untracked 
|  64|0x0000000087800000, 0x0000000087800000, 0x0000000087900000|  0%| F|  |TAMS 0x0000000087800000, 0x0000000087800000| Untracked 
|  65|0x0000000087900000, 0x0000000087900000, 0x0000000087a00000|  0%| F|  |TAMS 0x0000000087900000, 0x0000000087900000| Untracked 
|  66|0x0000000087a00000, 0x0000000087a00000, 0x0000000087b00000|  0%| F|  |TAMS 0x0000000087a00000, 0x0000000087a00000| Untracked 
|  67|0x0000000087b00000, 0x0000000087b00000, 0x0000000087c00000|  0%| F|  |TAMS 0x0000000087b00000, 0x0000000087b00000| Untracked 
|  68|0x0000000087c00000, 0x0000000087c00000, 0x0000000087d00000|  0%| F|  |TAMS 0x0000000087c00000, 0x0000000087c00000| Untracked 
|  69|0x0000000087d00000, 0x0000000087d00000, 0x0000000087e00000|  0%| F|  |TAMS 0x0000000087d00000, 0x0000000087d00000| Untracked 
|  70|0x0000000087e00000, 0x0000000087e00000, 0x0000000087f00000|  0%| F|  |TAMS 0x0000000087e00000, 0x0000000087e00000| Untracked 
|  71|0x0000000087f00000, 0x0000000087f00000, 0x0000000088000000|  0%| F|  |TAMS 0x0000000087f00000, 0x0000000087f00000| Untracked 
|  72|0x0000000088000000, 0x0000000088000000, 0x0000000088100000|  0%| F|  |TAMS 0x0000000088000000, 0x0000000088000000| Untracked 
|  73|0x0000000088100000, 0x0000000088100000, 0x0000000088200000|  0%| F|  |TAMS 0x0000000088100000, 0x0000000088100000| Untracked 
|  74|0x0000000088200000, 0x0000000088200000, 0x0000000088300000|  0%| F|  |TAMS 0x0000000088200000, 0x0000000088200000| Untracked 
|  75|0x0000000088300000, 0x0000000088300000, 0x0000000088400000|  0%| F|  |TAMS 0x0000000088300000, 0x0000000088300000| Untracked 
|  76|0x0000000088400000, 0x0000000088400000, 0x0000000088500000|  0%| F|  |TAMS 0x0000000088400000, 0x0000000088400000| Untracked 
|  77|0x0000000088500000, 0x0000000088500000, 0x0000000088600000|  0%| F|  |TAMS 0x0000000088500000, 0x0000000088500000| Untracked 
|  78|0x0000000088600000, 0x0000000088600000, 0x0000000088700000|  0%| F|  |TAMS 0x0000000088600000, 0x0000000088600000| Untracked 
|  79|0x0000000088700000, 0x0000000088700000, 0x0000000088800000|  0%| F|  |TAMS 0x0000000088700000, 0x0000000088700000| Untracked 
|  80|0x0000000088800000, 0x0000000088800000, 0x0000000088900000|  0%| F|  |TAMS 0x0000000088800000, 0x0000000088800000| Untracked 
|  81|0x0000000088900000, 0x0000000088900000, 0x0000000088a00000|  0%| F|  |TAMS 0x0000000088900000, 0x0000000088900000| Untracked 
|  82|0x0000000088a00000, 0x0000000088a00000, 0x0000000088b00000|  0%| F|  |TAMS 0x0000000088a00000, 0x0000000088a00000| Untracked 
|  83|0x0000000088b00000, 0x0000000088b00000, 0x0000000088c00000|  0%| F|  |TAMS 0x0000000088b00000, 0x0000000088b00000| Untracked 
|  84|0x0000000088c00000, 0x0000000088c00000, 0x0000000088d00000|  0%| F|  |TAMS 0x0000000088c00000, 0x0000000088c00000| Untracked 
|  85|0x0000000088d00000, 0x0000000088d00000, 0x0000000088e00000|  0%| F|  |TAMS 0x0000000088d00000, 0x0000000088d00000| Untracked 
|  86|0x0000000088e00000, 0x0000000088e00000, 0x0000000088f00000|  0%| F|  |TAMS 0x0000000088e00000, 0x0000000088e00000| Untracked 
|  87|0x0000000088f00000, 0x0000000088f00000, 0x0000000089000000|  0%| F|  |TAMS 0x0000000088f00000, 0x0000000088f00000| Untracked 
|  88|0x0000000089000000, 0x0000000089000000, 0x0000000089100000|  0%| F|  |TAMS 0x0000000089000000, 0x0000000089000000| Untracked 
|  89|0x0000000089100000, 0x0000000089100000, 0x0000000089200000|  0%| F|  |TAMS 0x0000000089100000, 0x0000000089100000| Untracked 
|  90|0x0000000089200000, 0x0000000089200000, 0x0000000089300000|  0%| F|  |TAMS 0x0000000089200000, 0x0000000089200000| Untracked 
|  91|0x0000000089300000, 0x0000000089300000, 0x0000000089400000|  0%| F|  |TAMS 0x0000000089300000, 0x0000000089300000| Untracked 
|  92|0x0000000089400000, 0x0000000089400000, 0x0000000089500000|  0%| F|  |TAMS 0x0000000089400000, 0x0000000089400000| Untracked 
|  93|0x0000000089500000, 0x0000000089500000, 0x0000000089600000|  0%| F|  |TAMS 0x0000000089500000, 0x0000000089500000| Untracked 
|  94|0x0000000089600000, 0x0000000089600000, 0x0000000089700000|  0%| F|  |TAMS 0x0000000089600000, 0x0000000089600000| Untracked 
|  95|0x0000000089700000, 0x0000000089700000, 0x0000000089800000|  0%| F|  |TAMS 0x0000000089700000, 0x0000000089700000| Untracked 
|  96|0x0000000089800000, 0x0000000089800000, 0x0000000089900000|  0%| F|  |TAMS 0x0000000089800000, 0x0000000089800000| Untracked 
|  97|0x0000000089900000, 0x0000000089900000, 0x0000000089a00000|  0%| F|  |TAMS 0x0000000089900000, 0x0000000089900000| Untracked 
|  98|0x0000000089a00000, 0x0000000089a00000, 0x0000000089b00000|  0%| F|  |TAMS 0x0000000089a00000, 0x0000000089a00000| Untracked 
|  99|0x0000000089b00000, 0x0000000089b00000, 0x0000000089c00000|  0%| F|  |TAMS 0x0000000089b00000, 0x0000000089b00000| Untracked 
| 100|0x0000000089c00000, 0x0000000089c00000, 0x0000000089d00000|  0%| F|  |TAMS 0x0000000089c00000, 0x0000000089c00000| Untracked 
| 101|0x0000000089d00000, 0x0000000089d00000, 0x0000000089e00000|  0%| F|  |TAMS 0x0000000089d00000, 0x0000000089d00000| Untracked 
| 102|0x0000000089e00000, 0x0000000089e00000, 0x0000000089f00000|  0%| F|  |TAMS 0x0000000089e00000, 0x0000000089e00000| Untracked 
| 103|0x0000000089f00000, 0x0000000089f00000, 0x000000008a000000|  0%| F|  |TAMS 0x0000000089f00000, 0x0000000089f00000| Untracked 
| 104|0x000000008a000000, 0x000000008a000000, 0x000000008a100000|  0%| F|  |TAMS 0x000000008a000000, 0x000000008a000000| Untracked 
| 105|0x000000008a100000, 0x000000008a100000, 0x000000008a200000|  0%| F|  |TAMS 0x000000008a100000, 0x000000008a100000| Untracked 
| 106|0x000000008a200000, 0x000000008a200000, 0x000000008a300000|  0%| F|  |TAMS 0x000000008a200000, 0x000000008a200000| Untracked 
| 107|0x000000008a300000, 0x000000008a300000, 0x000000008a400000|  0%| F|  |TAMS 0x000000008a300000, 0x000000008a300000| Untracked 
| 108|0x000000008a400000, 0x000000008a400000, 0x000000008a500000|  0%| F|  |TAMS 0x000000008a400000, 0x000000008a400000| Untracked 
| 109|0x000000008a500000, 0x000000008a500000, 0x000000008a600000|  0%| F|  |TAMS 0x000000008a500000, 0x000000008a500000| Untracked 
| 110|0x000000008a600000, 0x000000008a600000, 0x000000008a700000|  0%| F|  |TAMS 0x000000008a600000, 0x000000008a600000| Untracked 
| 111|0x000000008a700000, 0x000000008a700000, 0x000000008a800000|  0%| F|  |TAMS 0x000000008a700000, 0x000000008a700000| Untracked 
| 112|0x000000008a800000, 0x000000008a800000, 0x000000008a900000|  0%| F|  |TAMS 0x000000008a800000, 0x000000008a800000| Untracked 
| 113|0x000000008a900000, 0x000000008a900000, 0x000000008aa00000|  0%| F|  |TAMS 0x000000008a900000, 0x000000008a900000| Untracked 
| 114|0x000000008aa00000, 0x000000008aa00000, 0x000000008ab00000|  0%| F|  |TAMS 0x000000008aa00000, 0x000000008aa00000| Untracked 
| 115|0x000000008ab00000, 0x000000008ab00000, 0x000000008ac00000|  0%| F|  |TAMS 0x000000008ab00000, 0x000000008ab00000| Untracked 
| 116|0x000000008ac00000, 0x000000008ac00000, 0x000000008ad00000|  0%| F|  |TAMS 0x000000008ac00000, 0x000000008ac00000| Untracked 
| 117|0x000000008ad00000, 0x000000008adc28e8, 0x000000008ae00000| 75%| E|  |TAMS 0x000000008ad00000, 0x000000008ad00000| Complete 
| 118|0x000000008ae00000, 0x000000008af00000, 0x000000008af00000|100%| E|CS|TAMS 0x000000008ae00000, 0x000000008ae00000| Complete 
| 119|0x000000008af00000, 0x000000008b000000, 0x000000008b000000|100%| E|CS|TAMS 0x000000008af00000, 0x000000008af00000| Complete 
| 120|0x000000008b000000, 0x000000008b100000, 0x000000008b100000|100%| E|CS|TAMS 0x000000008b000000, 0x000000008b000000| Complete 
| 121|0x000000008b100000, 0x000000008b200000, 0x000000008b200000|100%| E|CS|TAMS 0x000000008b100000, 0x000000008b100000| Complete 
| 122|0x000000008b200000, 0x000000008b300000, 0x000000008b300000|100%| E|CS|TAMS 0x000000008b200000, 0x000000008b200000| Complete 
| 123|0x000000008b300000, 0x000000008b400000, 0x000000008b400000|100%| E|CS|TAMS 0x000000008b300000, 0x000000008b300000| Complete 
| 124|0x000000008b400000, 0x000000008b500000, 0x000000008b500000|100%| E|CS|TAMS 0x000000008b400000, 0x000000008b400000| Complete 
| 125|0x000000008b500000, 0x000000008b600000, 0x000000008b600000|100%| E|CS|TAMS 0x000000008b500000, 0x000000008b500000| Complete 
| 126|0x000000008b600000, 0x000000008b700000, 0x000000008b700000|100%| E|CS|TAMS 0x000000008b600000, 0x000000008b600000| Complete 
| 127|0x000000008b700000, 0x000000008b800000, 0x000000008b800000|100%| E|CS|TAMS 0x000000008b700000, 0x000000008b700000| Complete 
| 128|0x000000008b800000, 0x000000008b900000, 0x000000008b900000|100%| E|CS|TAMS 0x000000008b800000, 0x000000008b800000| Complete 
| 129|0x000000008b900000, 0x000000008ba00000, 0x000000008ba00000|100%| E|CS|TAMS 0x000000008b900000, 0x000000008b900000| Complete 
| 130|0x000000008ba00000, 0x000000008bb00000, 0x000000008bb00000|100%| E|CS|TAMS 0x000000008ba00000, 0x000000008ba00000| Complete 
| 131|0x000000008bb00000, 0x000000008bc00000, 0x000000008bc00000|100%| E|CS|TAMS 0x000000008bb00000, 0x000000008bb00000| Complete 
| 132|0x000000008bc00000, 0x000000008bd00000, 0x000000008bd00000|100%| E|CS|TAMS 0x000000008bc00000, 0x000000008bc00000| Complete 
| 133|0x000000008bd00000, 0x000000008be00000, 0x000000008be00000|100%| E|CS|TAMS 0x000000008bd00000, 0x000000008bd00000| Complete 
| 134|0x000000008be00000, 0x000000008bf00000, 0x000000008bf00000|100%| E|CS|TAMS 0x000000008be00000, 0x000000008be00000| Complete 
| 135|0x000000008bf00000, 0x000000008c000000, 0x000000008c000000|100%| E|CS|TAMS 0x000000008bf00000, 0x000000008bf00000| Complete 
| 136|0x000000008c000000, 0x000000008c100000, 0x000000008c100000|100%| E|CS|TAMS 0x000000008c000000, 0x000000008c000000| Complete 
| 137|0x000000008c100000, 0x000000008c200000, 0x000000008c200000|100%| E|CS|TAMS 0x000000008c100000, 0x000000008c100000| Complete 
| 138|0x000000008c200000, 0x000000008c300000, 0x000000008c300000|100%| E|CS|TAMS 0x000000008c200000, 0x000000008c200000| Complete 
| 139|0x000000008c300000, 0x000000008c400000, 0x000000008c400000|100%| E|CS|TAMS 0x000000008c300000, 0x000000008c300000| Complete 
| 140|0x000000008c400000, 0x000000008c500000, 0x000000008c500000|100%| E|CS|TAMS 0x000000008c400000, 0x000000008c400000| Complete 
| 141|0x000000008c500000, 0x000000008c600000, 0x000000008c600000|100%| E|CS|TAMS 0x000000008c500000, 0x000000008c500000| Complete 
| 142|0x000000008c600000, 0x000000008c700000, 0x000000008c700000|100%| E|CS|TAMS 0x000000008c600000, 0x000000008c600000| Complete 
| 143|0x000000008c700000, 0x000000008c800000, 0x000000008c800000|100%| E|CS|TAMS 0x000000008c700000, 0x000000008c700000| Complete 
| 155|0x000000008d300000, 0x000000008d400000, 0x000000008d400000|100%| E|CS|TAMS 0x000000008d300000, 0x000000008d300000| Complete 
| 156|0x000000008d400000, 0x000000008d4f01c0, 0x000000008d500000| 93%| S|CS|TAMS 0x000000008d400000, 0x000000008d400000| Complete 
| 160|0x000000008d800000, 0x000000008d900000, 0x000000008d900000|100%| E|CS|TAMS 0x000000008d800000, 0x000000008d800000| Complete 

Card table byte_map: [0x00000259198f0000,0x0000025919ce0000] _byte_map_base: 0x00000259194d4000

Marking Bits (Prev, Next): (CMBitMap*) 0x000002590eba4540, (CMBitMap*) 0x000002590eba4580
 Prev Bits: [0x000002591a0d0000, 0x000002591bff0000)
 Next Bits: [0x000002591bff0000, 0x000002591df10000)

Polling page: 0x000002590e2a0000

Metaspace:

Usage:
  Non-class:     42.95 MB used.
      Class:      7.06 MB used.
       Both:     50.01 MB used.

Virtual space:
  Non-class space:       64.00 MB reserved,      43.19 MB ( 67%) committed,  1 nodes.
      Class space:        1.00 GB reserved,       7.25 MB ( <1%) committed,  1 nodes.
             Both:        1.06 GB reserved,      50.44 MB (  5%) committed. 

Chunk freelists:
   Non-Class:  4.80 MB
       Class:  8.73 MB
        Both:  13.53 MB

MaxMetaspaceSize: unlimited
CompressedClassSpaceSize: 1.00 GB
Initial GC threshold: 21.00 MB
Current GC threshold: 60.00 MB
CDS: on
MetaspaceReclaimPolicy: balanced
 - commit_granule_bytes: 65536.
 - commit_granule_words: 8192.
 - virtual_space_node_default_size: 8388608.
 - enlarge_chunks_in_place: 1.
 - new_chunks_are_fully_committed: 0.
 - uncommit_free_chunks: 1.
 - use_allocation_guard: 0.
 - handle_deallocations: 1.


Internal statistics:

num_allocs_failed_limit: 9.
num_arena_births: 602.
num_arena_deaths: 186.
num_vsnodes_births: 2.
num_vsnodes_deaths: 0.
num_space_committed: 807.
num_space_uncommitted: 0.
num_chunks_returned_to_freelist: 262.
num_chunks_taken_from_freelist: 2518.
num_chunk_merges: 122.
num_chunk_splits: 1745.
num_chunks_enlarged: 1278.
num_inconsistent_stats: 0.

CodeCache: size=49152Kb used=12763Kb max_used=12763Kb free=36388Kb
 bounds [0x00000259163f0000, 0x0000025917070000, 0x00000259193f0000]
 total_blobs=6800 nmethods=6177 adapters=548
 compilation: enabled
              stopped_count=0, restarted_count=0
 full_count=0

Compilation events (20 events):
Event: 9.283 Thread 0x00000259667fc420 6286       1       io.smallrye.config.KeyMap::findRootValue (19 bytes)
Event: 9.283 Thread 0x00000259667fc420 nmethod 6286 0x0000025917061510 code [0x00000259170616c0, 0x0000025917061828]
Event: 9.283 Thread 0x00000259209dafd0 nmethod 6281 0x0000025917061910 code [0x0000025917061aa0, 0x0000025917061bc8]
Event: 9.283 Thread 0x0000025920b352f0 nmethod 6282 0x0000025917061d10 code [0x0000025917061f80, 0x0000025917062708]
Event: 9.283 Thread 0x00000259667fc420 6289       1       io.smallrye.config.NameIterator::next (9 bytes)
Event: 9.283 Thread 0x00000259209dafd0 6290       1       io.smallrye.config.KeyMap::findOrDefault (114 bytes)
Event: 9.284 Thread 0x00000259667fc420 nmethod 6289 0x0000025917062b90 code [0x0000025917062d40, 0x0000025917062e98]
Event: 9.285 Thread 0x00000259209dafd0 nmethod 6290 0x0000025917062f90 code [0x0000025917063200, 0x0000025917063948]
Event: 9.286 Thread 0x00000259209dafd0 6291       1       io.smallrye.config.Converters::newOptionalConverter (9 bytes)
Event: 9.286 Thread 0x0000025920b352f0 6292       1       io.smallrye.config.Converters$OptionalConverter::<init> (6 bytes)
Event: 9.286 Thread 0x00000259667fc420 6293       1       io.smallrye.config.Converters$OptionalConverter::convert (6 bytes)
Event: 9.286 Thread 0x0000025920b352f0 nmethod 6292 0x0000025917064090 code [0x0000025917064220, 0x0000025917064338]
Event: 9.286 Thread 0x00000259209dafd0 nmethod 6291 0x0000025917064410 code [0x00000259170645a0, 0x00000259170646f8]
Event: 9.286 Thread 0x00000259209dafd0 6294   !   1       io.smallrye.config.Converters$OptionalConverter::convert (40 bytes)
Event: 9.286 Thread 0x00000259667fc420 nmethod 6293 0x0000025917064790 code [0x0000025917064920, 0x0000025917064a08]
Event: 9.287 Thread 0x00000259209dafd0 nmethod 6294 0x0000025917064a90 code [0x0000025917064c60, 0x0000025917064ff8]
Event: 9.304 Thread 0x00000259209dafd0 6295       1       java.util.regex.Matcher::start (65 bytes)
Event: 9.305 Thread 0x00000259209dafd0 nmethod 6295 0x0000025917065590 code [0x00000259170657a0, 0x0000025917065ca8]
Event: 9.348 Thread 0x0000025920b352f0 6298       1       java.util.LinkedHashSet::<init> (27 bytes)
Event: 9.348 Thread 0x0000025920b352f0 nmethod 6298 0x0000025917066590 code [0x0000025917066760, 0x00000259170669a8]

GC Heap History (20 events):
Event: 1.879 GC heap before
{Heap before GC invocations=2 (full 0):
 garbage-first heap   total 129024K, used 44032K [0x0000000083800000, 0x0000000100000000)
  region size 1024K, 27 young (27648K), 3 survivors (3072K)
 Metaspace       used 3344K, committed 3584K, reserved 1114112K
  class space    used 403K, committed 512K, reserved 1048576K
}
Event: 1.892 GC heap after
{Heap after GC invocations=3 (full 0):
 garbage-first heap   total 129024K, used 25600K [0x0000000083800000, 0x0000000100000000)
  region size 1024K, 4 young (4096K), 4 survivors (4096K)
 Metaspace       used 3344K, committed 3584K, reserved 1114112K
  class space    used 403K, committed 512K, reserved 1048576K
}
Event: 2.876 GC heap before
{Heap before GC invocations=3 (full 0):
 garbage-first heap   total 129024K, used 57344K [0x0000000083800000, 0x0000000100000000)
  region size 1024K, 35 young (35840K), 4 survivors (4096K)
 Metaspace       used 6772K, committed 7040K, reserved 1114112K
  class space    used 890K, committed 1024K, reserved 1048576K
}
Event: 2.894 GC heap after
{Heap after GC invocations=4 (full 0):
 garbage-first heap   total 129024K, used 33783K [0x0000000083800000, 0x0000000100000000)
  region size 1024K, 5 young (5120K), 5 survivors (5120K)
 Metaspace       used 6772K, committed 7040K, reserved 1114112K
  class space    used 890K, committed 1024K, reserved 1048576K
}
Event: 3.853 GC heap before
{Heap before GC invocations=4 (full 0):
 garbage-first heap   total 129024K, used 72695K [0x0000000083800000, 0x0000000100000000)
  region size 1024K, 43 young (44032K), 5 survivors (5120K)
 Metaspace       used 11690K, committed 11968K, reserved 1114112K
  class space    used 1580K, committed 1728K, reserved 1048576K
}
Event: 3.864 GC heap after
{Heap after GC invocations=5 (full 0):
 garbage-first heap   total 164864K, used 37973K [0x0000000083800000, 0x0000000100000000)
  region size 1024K, 4 young (4096K), 4 survivors (4096K)
 Metaspace       used 11690K, committed 11968K, reserved 1114112K
  class space    used 1580K, committed 1728K, reserved 1048576K
}
Event: 4.546 GC heap before
{Heap before GC invocations=5 (full 0):
 garbage-first heap   total 164864K, used 107605K [0x0000000083800000, 0x0000000100000000)
  region size 1024K, 73 young (74752K), 4 survivors (4096K)
 Metaspace       used 20524K, committed 20928K, reserved 1114112K
  class space    used 2756K, committed 2944K, reserved 1048576K
}
Event: 4.554 GC heap after
{Heap after GC invocations=6 (full 0):
 garbage-first heap   total 164864K, used 43125K [0x0000000083800000, 0x0000000100000000)
  region size 1024K, 9 young (9216K), 9 survivors (9216K)
 Metaspace       used 20524K, committed 20928K, reserved 1114112K
  class space    used 2756K, committed 2944K, reserved 1048576K
}
Event: 4.645 GC heap before
{Heap before GC invocations=6 (full 0):
 garbage-first heap   total 164864K, used 46197K [0x0000000083800000, 0x0000000100000000)
  region size 1024K, 13 young (13312K), 9 survivors (9216K)
 Metaspace       used 21090K, committed 21504K, reserved 1114112K
  class space    used 2844K, committed 3072K, reserved 1048576K
}
Event: 4.654 GC heap after
{Heap after GC invocations=7 (full 0):
 garbage-first heap   total 164864K, used 43911K [0x0000000083800000, 0x0000000100000000)
  region size 1024K, 2 young (2048K), 2 survivors (2048K)
 Metaspace       used 21090K, committed 21504K, reserved 1114112K
  class space    used 2844K, committed 3072K, reserved 1048576K
}
Event: 6.486 GC heap before
{Heap before GC invocations=8 (full 0):
 garbage-first heap   total 150528K, used 118663K [0x0000000083800000, 0x0000000100000000)
  region size 1024K, 77 young (78848K), 2 survivors (2048K)
 Metaspace       used 34432K, committed 34944K, reserved 1114112K
  class space    used 4894K, committed 5120K, reserved 1048576K
}
Event: 6.494 GC heap after
{Heap after GC invocations=9 (full 0):
 garbage-first heap   total 150528K, used 50110K [0x0000000083800000, 0x0000000100000000)
  region size 1024K, 9 young (9216K), 9 survivors (9216K)
 Metaspace       used 34432K, committed 34944K, reserved 1114112K
  class space    used 4894K, committed 5120K, reserved 1048576K
}
Event: 6.513 GC heap before
{Heap before GC invocations=9 (full 0):
 garbage-first heap   total 150528K, used 50110K [0x0000000083800000, 0x0000000100000000)
  region size 1024K, 10 young (10240K), 9 survivors (9216K)
 Metaspace       used 34602K, committed 35072K, reserved 1114112K
  class space    used 4921K, committed 5120K, reserved 1048576K
}
Event: 6.519 GC heap after
{Heap after GC invocations=10 (full 0):
 garbage-first heap   total 150528K, used 50103K [0x0000000083800000, 0x0000000100000000)
  region size 1024K, 1 young (1024K), 1 survivors (1024K)
 Metaspace       used 34602K, committed 35072K, reserved 1114112K
  class space    used 4921K, committed 5120K, reserved 1048576K
}
Event: 6.674 GC heap before
{Heap before GC invocations=10 (full 0):
 garbage-first heap   total 150528K, used 60343K [0x0000000083800000, 0x0000000100000000)
  region size 1024K, 12 young (12288K), 1 survivors (1024K)
 Metaspace       used 36216K, committed 36608K, reserved 1114112K
  class space    used 5138K, committed 5312K, reserved 1048576K
}
Event: 6.677 GC heap after
{Heap after GC invocations=11 (full 0):
 garbage-first heap   total 150528K, used 50122K [0x0000000083800000, 0x0000000100000000)
  region size 1024K, 1 young (1024K), 1 survivors (1024K)
 Metaspace       used 36216K, committed 36608K, reserved 1114112K
  class space    used 5138K, committed 5312K, reserved 1048576K
}
Event: 8.478 GC heap before
{Heap before GC invocations=12 (full 0):
 garbage-first heap   total 150528K, used 113610K [0x0000000083800000, 0x0000000100000000)
  region size 1024K, 64 young (65536K), 1 survivors (1024K)
 Metaspace       used 46990K, committed 47424K, reserved 1114112K
  class space    used 6671K, committed 6848K, reserved 1048576K
}
Event: 8.485 GC heap after
{Heap after GC invocations=13 (full 0):
 garbage-first heap   total 150528K, used 59489K [0x0000000083800000, 0x0000000100000000)
  region size 1024K, 8 young (8192K), 8 survivors (8192K)
 Metaspace       used 46990K, committed 47424K, reserved 1114112K
  class space    used 6671K, committed 6848K, reserved 1048576K
}
Event: 8.514 GC heap before
{Heap before GC invocations=13 (full 0):
 garbage-first heap   total 150528K, used 60513K [0x0000000083800000, 0x0000000100000000)
  region size 1024K, 9 young (9216K), 8 survivors (8192K)
 Metaspace       used 46990K, committed 47424K, reserved 1114112K
  class space    used 6671K, committed 6848K, reserved 1048576K
}
Event: 8.521 GC heap after
{Heap after GC invocations=14 (full 0):
 garbage-first heap   total 150528K, used 59645K [0x0000000083800000, 0x0000000100000000)
  region size 1024K, 1 young (1024K), 1 survivors (1024K)
 Metaspace       used 46990K, committed 47424K, reserved 1114112K
  class space    used 6671K, committed 6848K, reserved 1048576K
}

Deoptimization events (20 events):
Event: 9.332 Thread 0x000002590eb48b30 DEOPT PACKING pc=0x00000259166f35ec sp=0x00000081d3ffcf10
Event: 9.332 Thread 0x000002590eb48b30 DEOPT UNPACKING pc=0x0000025916442b43 sp=0x00000081d3ffc3a8 mode 1
Event: 9.332 Thread 0x000002590eb48b30 DEOPT PACKING pc=0x00000259166f2c7c sp=0x00000081d3ffcfe0
Event: 9.332 Thread 0x000002590eb48b30 DEOPT UNPACKING pc=0x0000025916442b43 sp=0x00000081d3ffc488 mode 1
Event: 9.332 Thread 0x000002590eb48b30 DEOPT PACKING pc=0x0000025916a8166c sp=0x00000081d3ffd030
Event: 9.332 Thread 0x000002590eb48b30 DEOPT UNPACKING pc=0x0000025916442b43 sp=0x00000081d3ffc650 mode 1
Event: 9.332 Thread 0x000002590eb48b30 DEOPT PACKING pc=0x00000259168cab34 sp=0x00000081d3ffd280
Event: 9.332 Thread 0x000002590eb48b30 DEOPT UNPACKING pc=0x0000025916442b43 sp=0x00000081d3ffc738 mode 1
Event: 9.332 Thread 0x000002590eb48b30 DEOPT PACKING pc=0x000002591694c51c sp=0x00000081d3ffdca0
Event: 9.332 Thread 0x000002590eb48b30 DEOPT UNPACKING pc=0x0000025916442b43 sp=0x00000081d3ffd170 mode 1
Event: 9.332 Thread 0x000002590eb48b30 DEOPT PACKING pc=0x00000259166f35ec sp=0x00000081d3ffcf10
Event: 9.332 Thread 0x000002590eb48b30 DEOPT UNPACKING pc=0x0000025916442b43 sp=0x00000081d3ffc3a8 mode 1
Event: 9.332 Thread 0x000002590eb48b30 DEOPT PACKING pc=0x00000259166f2c7c sp=0x00000081d3ffcfe0
Event: 9.332 Thread 0x000002590eb48b30 DEOPT UNPACKING pc=0x0000025916442b43 sp=0x00000081d3ffc488 mode 1
Event: 9.332 Thread 0x000002590eb48b30 DEOPT PACKING pc=0x0000025916a8166c sp=0x00000081d3ffd030
Event: 9.332 Thread 0x000002590eb48b30 DEOPT UNPACKING pc=0x0000025916442b43 sp=0x00000081d3ffc650 mode 1
Event: 9.332 Thread 0x000002590eb48b30 DEOPT PACKING pc=0x00000259168cab34 sp=0x00000081d3ffd280
Event: 9.332 Thread 0x000002590eb48b30 DEOPT UNPACKING pc=0x0000025916442b43 sp=0x00000081d3ffc738 mode 1
Event: 9.332 Thread 0x000002590eb48b30 DEOPT PACKING pc=0x000002591694c51c sp=0x00000081d3ffdca0
Event: 9.332 Thread 0x000002590eb48b30 DEOPT UNPACKING pc=0x0000025916442b43 sp=0x00000081d3ffd170 mode 1

Classes unloaded (20 events):
Event: 6.716 Thread 0x00000259209ab430 Unloading class 0x00000259221d1800 'java/lang/invoke/LambdaForm$MH+0x00000259221d1800'
Event: 6.716 Thread 0x00000259209ab430 Unloading class 0x00000259221d1400 'java/lang/invoke/LambdaForm$MH+0x00000259221d1400'
Event: 6.716 Thread 0x00000259209ab430 Unloading class 0x00000259221d1000 'java/lang/invoke/LambdaForm$MH+0x00000259221d1000'
Event: 6.716 Thread 0x00000259209ab430 Unloading class 0x00000259221d0c00 'java/lang/invoke/LambdaForm$MH+0x00000259221d0c00'
Event: 6.716 Thread 0x00000259209ab430 Unloading class 0x00000259221d0800 'java/lang/invoke/LambdaForm$MH+0x00000259221d0800'
Event: 6.716 Thread 0x00000259209ab430 Unloading class 0x00000259221d0400 'java/lang/invoke/LambdaForm$MH+0x00000259221d0400'
Event: 6.716 Thread 0x00000259209ab430 Unloading class 0x00000259221d0000 'java/lang/invoke/LambdaForm$MH+0x00000259221d0000'
Event: 6.716 Thread 0x00000259209ab430 Unloading class 0x00000259221cf000 'java/lang/invoke/LambdaForm$MH+0x00000259221cf000'
Event: 6.716 Thread 0x00000259209ab430 Unloading class 0x00000259221cec00 'java/lang/invoke/LambdaForm$MH+0x00000259221cec00'
Event: 6.716 Thread 0x00000259209ab430 Unloading class 0x00000259221ce800 'java/lang/invoke/LambdaForm$MH+0x00000259221ce800'
Event: 6.716 Thread 0x00000259209ab430 Unloading class 0x00000259221ce400 'java/lang/invoke/LambdaForm$MH+0x00000259221ce400'
Event: 6.716 Thread 0x00000259209ab430 Unloading class 0x00000259221ce000 'java/lang/invoke/LambdaForm$MH+0x00000259221ce000'
Event: 6.716 Thread 0x00000259209ab430 Unloading class 0x00000259221cdc00 'java/lang/invoke/LambdaForm$MH+0x00000259221cdc00'
Event: 6.716 Thread 0x00000259209ab430 Unloading class 0x00000259221cd800 'java/lang/invoke/LambdaForm$MH+0x00000259221cd800'
Event: 6.716 Thread 0x00000259209ab430 Unloading class 0x00000259221cd400 'java/lang/invoke/LambdaForm$MH+0x00000259221cd400'
Event: 6.716 Thread 0x00000259209ab430 Unloading class 0x00000259221cd000 'java/lang/invoke/LambdaForm$MH+0x00000259221cd000'
Event: 6.716 Thread 0x00000259209ab430 Unloading class 0x00000259221ccc00 'java/lang/invoke/LambdaForm$MH+0x00000259221ccc00'
Event: 6.716 Thread 0x00000259209ab430 Unloading class 0x00000259221cc000 'java/lang/invoke/LambdaForm$MH+0x00000259221cc000'
Event: 6.716 Thread 0x00000259209ab430 Unloading class 0x00000259221cc400 'java/lang/invoke/LambdaForm$MH+0x00000259221cc400'
Event: 6.716 Thread 0x00000259209ab430 Unloading class 0x00000259221cc800 'java/lang/invoke/LambdaForm$MH+0x00000259221cc800'

Classes redefined (0 events):
No events

Internal exceptions (20 events):
Event: 7.289 Thread 0x0000025968344430 Exception <a 'sun/nio/fs/WindowsException'{0x000000008a636000}> (0x000000008a636000) 
thrown [s\open\src\hotspot\share\prims\jni.cpp, line 516]
Event: 7.296 Thread 0x0000025968344430 Exception <a 'sun/nio/fs/WindowsException'{0x000000008a638388}> (0x000000008a638388) 
thrown [s\open\src\hotspot\share\prims\jni.cpp, line 516]
Event: 7.299 Thread 0x0000025968344430 Exception <a 'sun/nio/fs/WindowsException'{0x000000008a638e38}> (0x000000008a638e38) 
thrown [s\open\src\hotspot\share\prims\jni.cpp, line 516]
Event: 7.301 Thread 0x0000025968344430 Exception <a 'sun/nio/fs/WindowsException'{0x000000008a639890}> (0x000000008a639890) 
thrown [s\open\src\hotspot\share\prims\jni.cpp, line 516]
Event: 7.303 Thread 0x0000025968344430 Exception <a 'sun/nio/fs/WindowsException'{0x000000008a63a2e8}> (0x000000008a63a2e8) 
thrown [s\open\src\hotspot\share\prims\jni.cpp, line 516]
Event: 7.309 Thread 0x0000025968344430 Exception <a 'sun/nio/fs/WindowsException'{0x000000008a63b4a8}> (0x000000008a63b4a8) 
thrown [s\open\src\hotspot\share\prims\jni.cpp, line 516]
Event: 7.309 Thread 0x0000025968344430 Exception <a 'sun/nio/fs/WindowsException'{0x000000008a63b8e8}> (0x000000008a63b8e8) 
thrown [s\open\src\hotspot\share\prims\jni.cpp, line 516]
Event: 7.310 Thread 0x0000025968344430 Exception <a 'sun/nio/fs/WindowsException'{0x000000008a63bb58}> (0x000000008a63bb58) 
thrown [s\open\src\hotspot\share\prims\jni.cpp, line 516]
Event: 7.310 Thread 0x0000025968344430 Exception <a 'sun/nio/fs/WindowsException'{0x000000008a63c258}> (0x000000008a63c258) 
thrown [s\open\src\hotspot\share\prims\jni.cpp, line 516]
Event: 7.314 Thread 0x0000025968344430 Exception <a 'sun/nio/fs/WindowsException'{0x000000008a63d818}> (0x000000008a63d818) 
thrown [s\open\src\hotspot\share\prims\jni.cpp, line 516]
Event: 7.318 Thread 0x0000025968344430 Exception <a 'sun/nio/fs/WindowsException'{0x000000008a63eb40}> (0x000000008a63eb40) 
thrown [s\open\src\hotspot\share\prims\jni.cpp, line 516]
Event: 7.843 Thread 0x0000025968344430 Exception <a 'sun/nio/fs/WindowsException'{0x0000000089fd2e80}> (0x0000000089fd2e80) 
thrown [s\open\src\hotspot\share\prims\jni.cpp, line 516]
Event: 8.300 Thread 0x0000025968344430 Exception <a 'sun/nio/fs/WindowsException'{0x0000000089316bb8}> (0x0000000089316bb8) 
thrown [s\open\src\hotspot\share\prims\jni.cpp, line 516]
Event: 8.300 Thread 0x0000025968344430 Exception <a 'sun/nio/fs/WindowsException'{0x0000000089316de8}> (0x0000000089316de8) 
thrown [s\open\src\hotspot\share\prims\jni.cpp, line 516]
Event: 8.635 Thread 0x0000025968344430 Exception <a 'java/lang/OutOfMemoryError'{0x000000008c6c3c48}> (0x000000008c6c3c48) 
thrown [s\open\src\hotspot\share\prims\jni.cpp, line 535]
Event: 8.718 Thread 0x0000025968344430 Exception <a 'java/lang/reflect/InvocationTargetException'{0x000000008c52d9f8}> (0x000000008c52d9f8) 
thrown [s\open\src\hotspot\share\runtime\reflection.cpp, line 1121]
Event: 8.843 Thread 0x000002590eb48b30 Exception <a 'java/lang/NoSuchMethodError'{0x000000008ba85788}: 'java.lang.Object java.lang.invoke.DirectMethodHandle$Holder.invokeStaticInit(java.lang.Object, java.lang.Object, java.lang.Object, java.lang.Object)'> (0x000000008ba85788) 
thrown [s\open\src\hotspot\share\interpreter\linkResolver.cpp, line 759]
Event: 9.336 Thread 0x000002590eb48b30 Exception <a 'java/lang/NoSuchMethodError'{0x000000008af2cb70}: 'java.lang.Object java.lang.invoke.DirectMethodHandle$Holder.newInvokeSpecial(java.lang.Object, java.lang.Object, java.lang.Object, java.lang.Object, java.lang.Object, java.lang.Object, java.lang.Object, java.lang.Object, java.lang.Object, java.lang.Object, java.lang.Object, java.lang.Object, java.lang.Object)'> (0x000000008af2cb70) 
thrown [s\open\src\hotspot\share\interpreter\linkResolver.cpp, line 759]
Event: 9.336 Thread 0x000002590eb48b30 Exception <a 'java/lang/NoSuchMethodError'{0x000000008af31c48}: 'java.lang.Object java.lang.invoke.DirectMethodHandle$Holder.invokeSpecial(java.lang.Object, java.lang.Object, java.lang.Object, java.lang.Object, java.lang.Object, java.lang.Object, java.lang.Object, java.lang.Object, java.lang.Object, java.lang.Object, java.lang.Object, java.lang.Object, java.lang.Object, java.lang.Object)'> (0x000000008af31c48) 
thrown [s\open\src\hotspot\share\interpreter\linkResolver.cpp, line 759]
Event: 9.337 Thread 0x000002590eb48b30 Exception <a 'java/lang/NoSuchMethodError'{0x000000008af368b8}: 'java.lang.Object java.lang.invoke.Invokers$Holder.linkToTargetMethod(java.lang.Object, java.lang.Object, java.lang.Object, java.lang.Object, java.lang.Object, java.lang.Object, java.lang.Object, java.lang.Object, java.lang.Object, java.lang.Object, java.lang.Object, java.lang.Object, java.lang.Object)'> (0x000000008af368b8) 
thrown [s\open\src\hotspot\share\interpreter\linkResolver.cpp, line 759]

VM Operations (20 events):
Event: 8.272 Executing VM operation: HandshakeAllThreads
Event: 8.272 Executing VM operation: HandshakeAllThreads done
Event: 8.272 Executing VM operation: Cleanup
Event: 8.273 Executing VM operation: Cleanup done
Event: 8.307 Executing VM operation: HandshakeAllThreads
Event: 8.307 Executing VM operation: HandshakeAllThreads done
Event: 8.478 Executing VM operation: G1CollectForAllocation
Event: 8.485 Executing VM operation: G1CollectForAllocation done
Event: 8.514 Executing VM operation: G1CollectForAllocation
Event: 8.521 Executing VM operation: G1CollectForAllocation done
Event: 8.878 Executing VM operation: HandshakeAllThreads
Event: 8.878 Executing VM operation: HandshakeAllThreads done
Event: 8.975 Executing VM operation: HandshakeAllThreads
Event: 8.975 Executing VM operation: HandshakeAllThreads done
Event: 9.011 Executing VM operation: HandshakeAllThreads
Event: 9.011 Executing VM operation: HandshakeAllThreads done
Event: 9.061 Executing VM operation: HandshakeAllThreads
Event: 9.061 Executing VM operation: HandshakeAllThreads done
Event: 9.255 Executing VM operation: HandshakeAllThreads
Event: 9.255 Executing VM operation: HandshakeAllThreads done

Events (20 events):
Event: 9.313 loading class javax/net/ssl/SSLSession
Event: 9.313 loading class javax/net/ssl/SSLSession done
Event: 9.313 loading class javax/net/ssl/SSLEngineResult$HandshakeStatus
Event: 9.313 loading class javax/net/ssl/SSLEngineResult$HandshakeStatus done
Event: 9.313 loading class javax/net/ssl/SSLParameters
Event: 9.314 loading class javax/net/ssl/SSLParameters done
Event: 9.315 loading class java/util/concurrent/CompletableFuture$AltResult
Event: 9.315 loading class java/util/concurrent/CompletableFuture$AltResult done
Event: 9.315 loading class java/util/concurrent/CompletableFuture$Completion
Event: 9.316 loading class java/util/concurrent/CompletableFuture$AsynchronousCompletionTask
Event: 9.316 loading class java/util/concurrent/CompletableFuture$AsynchronousCompletionTask done
Event: 9.316 loading class java/util/concurrent/CompletableFuture$Completion done
Event: 9.341 Thread 0x0000025968344940 Thread added: 0x0000025968344940
Event: 9.341 Thread 0x0000025968348600 Thread added: 0x0000025968348600
Event: 9.343 loading class java/util/concurrent/CompletableFuture$Signaller
Event: 9.344 loading class java/util/concurrent/CompletableFuture$Signaller done
Event: 9.384 loading class javax/net/ssl/TrustManagerFactory
Event: 9.384 loading class javax/net/ssl/TrustManagerFactory done
Event: 9.387 loading class javax/net/ssl/TrustManager
Event: 9.387 loading class javax/net/ssl/TrustManager done


Dynamic libraries:
0x00007ff6bb5f0000 - 0x00007ff6bb600000 	C:\Program Files\Java\jdk-17\bin\java.EXE
0x00007ffe6c2f0000 - 0x00007ffe6c507000 	C:\WINDOWS\SYSTEM32\ntdll.dll
0x00007ffe6b1d0000 - 0x00007ffe6b294000 	C:\WINDOWS\System32\KERNEL32.DLL
0x00007ffe698b0000 - 0x00007ffe69c6a000 	C:\WINDOWS\System32\KERNELBASE.dll
0x00007ffe69790000 - 0x00007ffe698a1000 	C:\WINDOWS\System32\ucrtbase.dll
0x00007ffe62740000 - 0x00007ffe6275b000 	C:\Program Files\Java\jdk-17\bin\VCRUNTIME140.dll
0x00007ffe53d50000 - 0x00007ffe53d69000 	C:\Program Files\Java\jdk-17\bin\jli.dll
0x00007ffe6b0a0000 - 0x00007ffe6b152000 	C:\WINDOWS\System32\ADVAPI32.dll
0x00007ffe6b660000 - 0x00007ffe6b707000 	C:\WINDOWS\System32\msvcrt.dll
0x00007ffe6a950000 - 0x00007ffe6a9f7000 	C:\WINDOWS\System32\sechost.dll
0x00007ffe696e0000 - 0x00007ffe69708000 	C:\WINDOWS\System32\bcrypt.dll
0x00007ffe6af70000 - 0x00007ffe6b084000 	C:\WINDOWS\System32\RPCRT4.dll
0x00007ffe6a6a0000 - 0x00007ffe6a84e000 	C:\WINDOWS\System32\USER32.dll
0x00007ffe501c0000 - 0x00007ffe50452000 	C:\WINDOWS\WinSxS\amd64_microsoft.windows.common-controls_6595b64144ccf1df_6.0.22621.4541_none_2710d1c57384c085\COMCTL32.dll
0x00007ffe69d30000 - 0x00007ffe69d56000 	C:\WINDOWS\System32\win32u.dll
0x00007ffe6ab40000 - 0x00007ffe6ab69000 	C:\WINDOWS\System32\GDI32.dll
0x00007ffe69ed0000 - 0x00007ffe69feb000 	C:\WINDOWS\System32\gdi32full.dll
0x00007ffe695c0000 - 0x00007ffe6965a000 	C:\WINDOWS\System32\msvcp_win.dll
0x00007ffe61270000 - 0x00007ffe6127a000 	C:\WINDOWS\SYSTEM32\VERSION.dll
0x00007ffe6bfc0000 - 0x00007ffe6bff1000 	C:\WINDOWS\System32\IMM32.DLL
0x000002590e2c0000 - 0x000002590e2d4000 	C:\WINDOWS\System32\umppc18721.dll
0x00007ffe69170000 - 0x00007ffe692bb000 	C:\Program Files\Avecto\Privilege Guard Client\PGHook.dll
0x00007ffe63800000 - 0x00007ffe6380c000 	C:\Program Files\Java\jdk-17\bin\vcruntime140_1.dll
0x00007ffe3d060000 - 0x00007ffe3d0ee000 	C:\Program Files\Java\jdk-17\bin\msvcp140.dll
0x00007ffd80b50000 - 0x00007ffd81730000 	C:\Program Files\Java\jdk-17\bin\server\jvm.dll
0x00007ffe6b1c0000 - 0x00007ffe6b1c8000 	C:\WINDOWS\System32\PSAPI.DLL
0x00007ffe4dc70000 - 0x00007ffe4dc79000 	C:\WINDOWS\SYSTEM32\WSOCK32.dll
0x00007ffe6a1a0000 - 0x00007ffe6a211000 	C:\WINDOWS\System32\WS2_32.dll
0x00007ffe62da0000 - 0x00007ffe62dd4000 	C:\WINDOWS\SYSTEM32\WINMM.dll
0x00007ffe68380000 - 0x00007ffe68398000 	C:\WINDOWS\SYSTEM32\kernel.appcore.dll
0x00007ffe62f90000 - 0x00007ffe62f9a000 	C:\Program Files\Java\jdk-17\bin\jimage.dll
0x00007ffe669a0000 - 0x00007ffe66bd2000 	C:\WINDOWS\SYSTEM32\DBGHELP.DLL
0x00007ffe6ab70000 - 0x00007ffe6aeff000 	C:\WINDOWS\System32\combase.dll
0x00007ffe6aa10000 - 0x00007ffe6aae7000 	C:\WINDOWS\System32\OLEAUT32.dll
0x00007ffe5c3c0000 - 0x00007ffe5c3f2000 	C:\WINDOWS\SYSTEM32\dbgcore.DLL
0x00007ffe69710000 - 0x00007ffe6978b000 	C:\WINDOWS\System32\bcryptPrimitives.dll
0x00007ffe63650000 - 0x00007ffe6365e000 	C:\Program Files\Java\jdk-17\bin\instrument.dll
0x00007ffe4a160000 - 0x00007ffe4a185000 	C:\Program Files\Java\jdk-17\bin\java.dll
0x00007ffe51830000 - 0x00007ffe5186b000 	C:\Program Files\Java\jdk-17\bin\jdwp.dll
0x00007ffe10540000 - 0x00007ffe10617000 	C:\Program Files\Java\jdk-17\bin\jsvml.dll
0x00007ffe6b710000 - 0x00007ffe6bf88000 	C:\WINDOWS\System32\SHELL32.dll
0x00007ffe67090000 - 0x00007ffe67998000 	C:\WINDOWS\SYSTEM32\windows.storage.dll
0x00007ffe66f50000 - 0x00007ffe6708f000 	C:\WINDOWS\SYSTEM32\wintypes.dll
0x00007ffe6a850000 - 0x00007ffe6a94a000 	C:\WINDOWS\System32\SHCORE.dll
0x00007ffe6c090000 - 0x00007ffe6c0ee000 	C:\WINDOWS\System32\shlwapi.dll
0x00007ffe694f0000 - 0x00007ffe6951b000 	C:\WINDOWS\SYSTEM32\profapi.dll
0x00007ffe4b540000 - 0x00007ffe4b558000 	C:\Program Files\Java\jdk-17\bin\zip.dll
0x00007ffe60640000 - 0x00007ffe60659000 	C:\Program Files\Java\jdk-17\bin\net.dll
0x00007ffe683a0000 - 0x00007ffe684d6000 	C:\WINDOWS\SYSTEM32\WINHTTP.dll
0x00007ffe68930000 - 0x00007ffe68999000 	C:\WINDOWS\system32\mswsock.dll
0x00007ffe51800000 - 0x00007ffe51816000 	C:\Program Files\Java\jdk-17\bin\nio.dll
0x00007ffe53d90000 - 0x00007ffe53d9c000 	C:\Program Files\Java\jdk-17\bin\dt_socket.dll
0x00007ffe67bf0000 - 0x00007ffe67c1d000 	C:\WINDOWS\SYSTEM32\IPHLPAPI.DLL
0x00007ffe67c20000 - 0x00007ffe67d22000 	C:\WINDOWS\SYSTEM32\DNSAPI.dll
0x00007ffe6b090000 - 0x00007ffe6b099000 	C:\WINDOWS\System32\NSI.dll
0x00007ffe62e00000 - 0x00007ffe62e0a000 	C:\Windows\System32\rasadhlp.dll
0x00007ffe63ca0000 - 0x00007ffe63d23000 	C:\WINDOWS\System32\fwpuclnt.dll
0x00007ffe60d80000 - 0x00007ffe60d90000 	C:\Program Files\Java\jdk-17\bin\verify.dll
0x00007ffe51030000 - 0x00007ffe5103a000 	C:\Program Files\Java\jdk-17\bin\management.dll
0x00007ffe50f80000 - 0x00007ffe50f8b000 	C:\Program Files\Java\jdk-17\bin\management_ext.dll
0x00007ffe53d80000 - 0x00007ffe53d8a000 	C:\bamoe\apache-maven-3.9.9\lib\jansi-native\jansi-1.18-93fa3188adb8407f81dad04d08abc8192e4e380d.dll
0x00007ffe68c30000 - 0x00007ffe68c4b000 	C:\WINDOWS\SYSTEM32\CRYPTSP.dll
0x00007ffe682e0000 - 0x00007ffe68315000 	C:\WINDOWS\system32\rsaenh.dll
0x00007ffe689d0000 - 0x00007ffe689f8000 	C:\WINDOWS\SYSTEM32\USERENV.dll
0x00007ffe68c10000 - 0x00007ffe68c1c000 	C:\WINDOWS\SYSTEM32\CRYPTBASE.dll
0x00007ffe63c80000 - 0x00007ffe63c99000 	C:\WINDOWS\SYSTEM32\dhcpcsvc6.DLL
0x00007ffe63c60000 - 0x00007ffe63c7f000 	C:\WINDOWS\SYSTEM32\dhcpcsvc.DLL
0x00007ffe53d70000 - 0x00007ffe53d7e000 	C:\Program Files\Java\jdk-17\bin\sunmscapi.dll
0x00007ffe69d60000 - 0x00007ffe69ec6000 	C:\WINDOWS\System32\CRYPT32.dll
0x00007ffe68d40000 - 0x00007ffe68d6d000 	C:\WINDOWS\SYSTEM32\ncrypt.dll
0x00007ffe68d00000 - 0x00007ffe68d37000 	C:\WINDOWS\SYSTEM32\NTASN1.dll
0x00007ffe56270000 - 0x00007ffe56278000 	C:\WINDOWS\system32\wshunix.dll

dbghelp: loaded successfully - version: 4.0.5 - missing functions: none
symbol engine: initialized successfully - sym options: 0x614 - pdb path: .;C:\Program Files\Java\jdk-17\bin;C:\WINDOWS\SYSTEM32;C:\WINDOWS\WinSxS\amd64_microsoft.windows.common-controls_6595b64144ccf1df_6.0.22621.4541_none_2710d1c57384c085;C:\Program Files\Avecto\Privilege Guard Client;C:\Program Files\Java\jdk-17\bin\server;C:\bamoe\apache-maven-3.9.9\lib\jansi-native

VM Arguments:
jvm_args: -Dio.quarkus.force-color-support=true -Dquarkus-internal.serialized-app-model.path=C:\Users\dennwu\Weather-Advice\target\quarkus\bootstrap\dev-app-model.dat -javaagent:C:\Users\dennwu\.m2\repository\io\quarkus\quarkus-class-change-agent\2.11.1.Final\quarkus-class-change-agent-2.11.1.Final.jar -XX:TieredStopAtLevel=1 -agentlib:jdwp=transport=dt_socket,address=localhost:5005,server=y,suspend=n -Djava.util.logging.manager=org.jboss.logmanager.LogManager 
java_command: C:\Users\dennwu\Weather-Advice\target\ntc-weather-advice-dev.jar
java_class_path (initial): C:\Users\dennwu\Weather-Advice\target\ntc-weather-advice-dev.jar
Launcher Type: SUN_STANDARD

[Global flags]
     intx CICompilerCount                          = 4                                         {product} {ergonomic}
     uint ConcGCThreads                            = 2                                         {product} {ergonomic}
     uint G1ConcRefinementThreads                  = 8                                         {product} {ergonomic}
   size_t G1HeapRegionSize                         = 1048576                                   {product} {ergonomic}
    uintx GCDrainStackTargetSize                   = 64                                        {product} {ergonomic}
   size_t InitialHeapSize                          = 132120576                                 {product} {ergonomic}
   size_t MarkStackSize                            = 4194304                                   {product} {ergonomic}
   size_t MaxHeapSize                              = 2088763392                                {product} {ergonomic}
   size_t MaxNewSize                               = 1253048320                                {product} {ergonomic}
   size_t MinHeapDeltaBytes                        = 1048576                                   {product} {ergonomic}
   size_t MinHeapSize                              = 8388608                                   {product} {ergonomic}
    uintx NonProfiledCodeHeapSize                  = 0                                      {pd product} {ergonomic}
     bool ProfileInterpreter                       = false                                  {pd product} {command line}
    uintx ProfiledCodeHeapSize                     = 0                                      {pd product} {ergonomic}
   size_t SoftMaxHeapSize                          = 2088763392                             {manageable} {ergonomic}
     intx TieredStopAtLevel                        = 1                                         {product} {command line}
     bool UseCompressedClassPointers               = true                           {product lp64_product} {ergonomic}
     bool UseCompressedOops                        = true                           {product lp64_product} {ergonomic}
     bool UseG1GC                                  = true                                      {product} {ergonomic}
     bool UseLargePagesIndividualAllocation        = false                                  {pd product} {ergonomic}

Logging:
Log output configuration:
 #0: stdout all=warning uptime,level,tags
 #1: stderr all=off uptime,level,tags

Environment Variables:
JAVA_HOME=C:\Program Files\Java\jdk-17
PATH=C:\Program Files\Eclipse Adoptium\jdk-17.0.11.9-hotspot\bin;C:\Program Files\Eclipse Adoptium\jdk-11.0.23.9-hotspot\bin;C:\Python312\Scripts\;C:\Python312\;C:\Program Files\Eclipse Adoptium\jdk-21.0.1.12-hotspot\bin;C:\WINDOWS\system32;C:\WINDOWS;C:\WINDOWS\System32\Wbem;C:\WINDOWS\System32\WindowsPowerShell\v1.0\;C:\WINDOWS\System32\OpenSSH\;C:\Program Files\Microsoft SQL Server\130\Tools\Binn\;C:\Program Files\nodejs\;C:\ProgramData\chocolatey\bin;C:\bamoe\apache-maven-3.9.9\bin;C:\Program Files\Java\jdk-17\bin;C:\bamoe\docker-27.3.1\docker;C:\Program Files\Git\cmd;C:\Program Files\MySQL\MySQL Shell 8.0\bin\;C:\Users\dennwu\AppData\Local\Microsoft\WindowsApps;C:\Users\dennwu\AppData\Local\Programs\Microsoft VS Code\bin;C:\Program Files\JetBrains\IntelliJ IDEA Community Edition 2024.1\bin;;
USERNAME=dennwu
LANG=en_US.UTF-8
OS=Windows_NT
PROCESSOR_IDENTIFIER=Intel64 Family 6 Model 142 Stepping 12, GenuineIntel



---------------  S Y S T E M  ---------------

OS:
 Windows 11 , 64 bit Build 22621 (10.0.22621.4391)
OS uptime: 10 days 1:38 hours
Hyper-V role detected

CPU: total 8 (initial active 8) (4 cores per cpu, 2 threads per core) family 6 model 142 stepping 12 microcode 0xde, cx8, cmov, fxsr, ht, mmx, 3dnowpref, sse, sse2, sse3, ssse3, sse4.1, sse4.2, popcnt, lzcnt, tsc, tscinvbit, avx, avx2, aes, erms, clmul, bmi1, bmi2, adx, fma, vzeroupper, clflush, clflushopt, hv

Memory: 4k page, system-wide physical 7965M (249M free)
TotalPageFile size 32541M (AvailPageFile size 0M)
current process WorkingSet (physical memory assigned to process): 292M, peak: 294M
current process commit charge ("private bytes"): 337M, peak: 346M

vm_info: Java HotSpot(TM) 64-Bit Server VM (17.0.12+8-LTS-286) for windows-amd64 JRE (17.0.12+8-LTS-286), built on Jun  5 2024 06:46:59 by "mach5one" with MS VC++ 17.6 (VS2022)

END.
